<?xml version="1.0" encoding="UTF-8"?>
<!-- Generated by org.testng.reporters.JUnitReportReporter -->
<testsuite hostname="MSI" failures="0" tests="1" name="runner.RegistrationRunner" time="0.103" errors="0" timestamp="2024-05-25T02:29:24 IST" skipped="0">
  <testcase classname="runner.RegistrationRunner" name="runScenario" time="0.103"/>
  <system-out/>
</testsuite> <!-- runner.RegistrationRunner -->
