<?xml version="1.0" encoding="UTF-8"?>
<!-- Generated by org.testng.reporters.JUnitReportReporter -->
<testsuite hostname="MSI" failures="0" tests="3" name="runner.OrderRunner" time="0.072" errors="0" timestamp="2024-04-03T00:10:09 IST" skipped="0">
  <testcase classname="runner.OrderRunner" name="runScenario" time="0.055"/>
  <system-out/>
  <testcase classname="runner.OrderRunner" name="runScenario" time="0.008"/>
  <system-out/>
  <testcase classname="runner.OrderRunner" name="runScenario" time="0.009"/>
  <system-out/>
</testsuite> <!-- runner.OrderRunner -->
