<?xml version="1.0" encoding="UTF-8"?>
<!-- Generated by org.testng.reporters.JUnitReportReporter -->
<testsuite hostname="MSI" failures="0" tests="1" name="runner.RegistrationRunner" time="0.075" errors="0" timestamp="2024-04-24T23:46:31 IST" skipped="0">
  <testcase classname="runner.RegistrationRunner" name="runScenario" time="0.075"/>
  <system-out/>
</testsuite> <!-- runner.RegistrationRunner -->
