<?xml version="1.0" encoding="UTF-8"?>
<!-- Generated by org.testng.reporters.JUnitReportReporter -->
<testsuite hostname="MSI" failures="0" tests="4" name="runner.ProfileRunner" time="22.267" errors="1" timestamp="2024-04-12T01:16:38 IST" skipped="0">
  <testcase classname="runner.ProfileRunner" name="runScenario" time="0.017"/>
  <system-out/>
  <testcase classname="runner.ProfileRunner" name="runScenario" time="0.071"/>
  <system-out/>
  <testcase classname="runner.ProfileRunner" name="runScenario" time="0.019"/>
  <system-out/>
  <testcase classname="runner.ProfileRunner" name="tearDownClass" time="22.160">
    <error message="java.io.IOException: HTTP request failed:
&gt; PUT https://cucumber-messages-app-s3bucket-61aropwgu4ox.s3.eu-west-3.amazonaws.com/reports/e9d58c66-4de4-4a73-9514-aefde9251490?X-Amz-Algorithm=AWS4-HMAC-SHA256&amp;X-Amz-Credential=ASIAWE4HTFKNXTA4JTR3%2F20240411%2Feu-west-3%2Fs3%2Faws4_request&amp;X-Amz-Date=20240411T194616Z&amp;X-Amz-Expires=900&amp;X-Amz-Security-Token=IQoJb3JpZ2luX2VjEBQaCWV1LXdlc3QtMyJHMEUCIHOX2pFfpouS%2F%2FUfA%2Bs7DVpEpqGYQAQi6kRQrCC1YqoYAiEA6uFLBI06Gmmq49x%2BKxPfkvy%2BclRF19FxjsAwnDT%2B%2BnEqvQMITRADGgw0MjI4MDE3NzkzNTUiDIrJxyzwlrRiHxA1ECqaA0N3AglZ1IdRSeqcSGrUjkncJ1gUTIsG97zzt930dnf1oMsN4ZpCOqvIC%2BAUDqWQ4uSNYL8bUywaxE5xfIiQdYsT%2BYpsgr%2BnBVMFrMx5ebgdJG1laUPVIImBlQJvw343KzIW69troczGPCeiYTTPXemoaC%2F2UjMyb4dny7idySV8QsUghJdHWMs3GEL0tuVIGohMortPlHkTMVb1Lbex8s55qhpEnFY5ybyoJiJ06qySbG6NkpSr2DCzq9FZJOz%2Ba%2FfCp6c6Z85MfxClX1dlebMCBXI27cvHBVmU4XtOKzOA414PkW%2Biz9fl0pSMJcC2ILxHYpCi3i1PWTE73om22P8AM1Bs%2BkP3o649kFlTFmhP%2F6IYgU9SPMYqiHqSlWOgxljMxOFfaRHNOobQdHrgpHtVHGGwpisPmbYcrNoLALEkBWGx%2BFYy5BuTd97%2FE89nWVKeIVJoWKb33kLqeayjTsSMJoVlI94C1SODARS%2F5GL%2FU4bFYw6%2F07sREXbq1brO%2FjQfoaACmkXTcvO7XNcxL4xLGJEBMpxInJTLMLv54LAGOp4BebiFPo9c6i24YjTQWI7bByjVnNazN9GN83YYFRBSRFyYxaz%2Fa%2FiZtVvaSeF2jAdRf6FxYL2UjCZolWJq3ZXJmY7LtFwNkh%2FnsQdI8rquUmzjHzgrKHIArOUY%2B0I45ZefwxqGfyJfLIuX%2Fa898ebbdxYWpQPLijOqZaBnzUu4PVGsIOl24%2BS5vQth%2FAQb8zj8NSR9JbR1CtuzkYQby40%3D&amp;X-Amz-Signature=e9465edac9ac0fd2837de0b5453a9ce59e5a5e00af8b84d8aaa73d4d9d6df934&amp;X-Amz-SignedHeaders=host

" type="java.lang.RuntimeException">
      <![CDATA[java.lang.RuntimeException: java.io.IOException: HTTP request failed:
> PUT https://cucumber-messages-app-s3bucket-61aropwgu4ox.s3.eu-west-3.amazonaws.com/reports/e9d58c66-4de4-4a73-9514-aefde9251490?X-Amz-Algorithm=AWS4-HMAC-SHA256&X-Amz-Credential=ASIAWE4HTFKNXTA4JTR3%2F20240411%2Feu-west-3%2Fs3%2Faws4_request&X-Amz-Date=20240411T194616Z&X-Amz-Expires=900&X-Amz-Security-Token=IQoJb3JpZ2luX2VjEBQaCWV1LXdlc3QtMyJHMEUCIHOX2pFfpouS%2F%2FUfA%2Bs7DVpEpqGYQAQi6kRQrCC1YqoYAiEA6uFLBI06Gmmq49x%2BKxPfkvy%2BclRF19FxjsAwnDT%2B%2BnEqvQMITRADGgw0MjI4MDE3NzkzNTUiDIrJxyzwlrRiHxA1ECqaA0N3AglZ1IdRSeqcSGrUjkncJ1gUTIsG97zzt930dnf1oMsN4ZpCOqvIC%2BAUDqWQ4uSNYL8bUywaxE5xfIiQdYsT%2BYpsgr%2BnBVMFrMx5ebgdJG1laUPVIImBlQJvw343KzIW69troczGPCeiYTTPXemoaC%2F2UjMyb4dny7idySV8QsUghJdHWMs3GEL0tuVIGohMortPlHkTMVb1Lbex8s55qhpEnFY5ybyoJiJ06qySbG6NkpSr2DCzq9FZJOz%2Ba%2FfCp6c6Z85MfxClX1dlebMCBXI27cvHBVmU4XtOKzOA414PkW%2Biz9fl0pSMJcC2ILxHYpCi3i1PWTE73om22P8AM1Bs%2BkP3o649kFlTFmhP%2F6IYgU9SPMYqiHqSlWOgxljMxOFfaRHNOobQdHrgpHtVHGGwpisPmbYcrNoLALEkBWGx%2BFYy5BuTd97%2FE89nWVKeIVJoWKb33kLqeayjTsSMJoVlI94C1SODARS%2F5GL%2FU4bFYw6%2F07sREXbq1brO%2FjQfoaACmkXTcvO7XNcxL4xLGJEBMpxInJTLMLv54LAGOp4BebiFPo9c6i24YjTQWI7bByjVnNazN9GN83YYFRBSRFyYxaz%2Fa%2FiZtVvaSeF2jAdRf6FxYL2UjCZolWJq3ZXJmY7LtFwNkh%2FnsQdI8rquUmzjHzgrKHIArOUY%2B0I45ZefwxqGfyJfLIuX%2Fa898ebbdxYWpQPLijOqZaBnzUu4PVGsIOl24%2BS5vQth%2FAQb8zj8NSR9JbR1CtuzkYQby40%3D&X-Amz-Signature=e9465edac9ac0fd2837de0b5453a9ce59e5a5e00af8b84d8aaa73d4d9d6df934&X-Amz-SignedHeaders=host


at io.cucumber.core.plugin.MessageFormatter.writeMessage(MessageFormatter.java:32)
at io.cucumber.core.eventbus.AbstractEventPublisher.send(AbstractEventPublisher.java:51)
at io.cucumber.core.eventbus.AbstractEventBus.send(AbstractEventBus.java:12)
at io.cucumber.core.runtime.SynchronizedEventBus.send(SynchronizedEventBus.java:47)
at io.cucumber.core.runtime.CucumberExecutionContext.emitTestRunFinished(CucumberExecutionContext.java:125)
at io.cucumber.core.runtime.CucumberExecutionContext.finishTestRun(CucumberExecutionContext.java:105)
at io.cucumber.testng.TestNGCucumberRunner.finish(TestNGCucumberRunner.java:145)
at io.cucumber.testng.AbstractTestNGCucumberTests.tearDownClass(AbstractTestNGCucumberTests.java:57)
at java.base/jdk.internal.reflect.DirectMethodHandleAccessor.invoke(DirectMethodHandleAccessor.java:103)
at java.base/java.lang.reflect.Method.invoke(Method.java:580)
at org.testng.internal.invokers.MethodInvocationHelper.invokeMethod(MethodInvocationHelper.java:139)
at org.testng.internal.invokers.MethodInvocationHelper.invokeMethodConsideringTimeout(MethodInvocationHelper.java:69)
at org.testng.internal.invokers.ConfigInvoker.invokeConfigurationMethod(ConfigInvoker.java:361)
at org.testng.internal.invokers.ConfigInvoker.invokeConfigurations(ConfigInvoker.java:296)
at org.testng.internal.invokers.TestMethodWorker.invokeAfterClassMethods(TestMethodWorker.java:222)
at org.testng.internal.invokers.TestMethodWorker.run(TestMethodWorker.java:131)
at java.base/java.util.ArrayList.forEach(ArrayList.java:1596)
at org.testng.TestRunner.privateRun(TestRunner.java:829)
at org.testng.TestRunner.run(TestRunner.java:602)
at org.testng.SuiteRunner.runTest(SuiteRunner.java:437)
at org.testng.SuiteRunner.runSequentially(SuiteRunner.java:431)
at org.testng.SuiteRunner.privateRun(SuiteRunner.java:391)
at org.testng.SuiteRunner.run(SuiteRunner.java:330)
at org.testng.SuiteRunnerWorker.runSuite(SuiteRunnerWorker.java:52)
at org.testng.SuiteRunnerWorker.run(SuiteRunnerWorker.java:95)
at org.testng.TestNG.runSuitesSequentially(TestNG.java:1256)
at org.testng.TestNG.runSuitesLocally(TestNG.java:1176)
at org.testng.TestNG.runSuites(TestNG.java:1099)
at org.testng.TestNG.run(TestNG.java:1067)
at org.testng.remote.AbstractRemoteTestNG.run(AbstractRemoteTestNG.java:115)
at org.testng.remote.RemoteTestNG.initAndRun(RemoteTestNG.java:251)
at org.testng.remote.RemoteTestNG.main(RemoteTestNG.java:77)
Caused by: java.io.IOException: HTTP request failed:
> PUT https://cucumber-messages-app-s3bucket-61aropwgu4ox.s3.eu-west-3.amazonaws.com/reports/e9d58c66-4de4-4a73-9514-aefde9251490?X-Amz-Algorithm=AWS4-HMAC-SHA256&X-Amz-Credential=ASIAWE4HTFKNXTA4JTR3%2F20240411%2Feu-west-3%2Fs3%2Faws4_request&X-Amz-Date=20240411T194616Z&X-Amz-Expires=900&X-Amz-Security-Token=IQoJb3JpZ2luX2VjEBQaCWV1LXdlc3QtMyJHMEUCIHOX2pFfpouS%2F%2FUfA%2Bs7DVpEpqGYQAQi6kRQrCC1YqoYAiEA6uFLBI06Gmmq49x%2BKxPfkvy%2BclRF19FxjsAwnDT%2B%2BnEqvQMITRADGgw0MjI4MDE3NzkzNTUiDIrJxyzwlrRiHxA1ECqaA0N3AglZ1IdRSeqcSGrUjkncJ1gUTIsG97zzt930dnf1oMsN4ZpCOqvIC%2BAUDqWQ4uSNYL8bUywaxE5xfIiQdYsT%2BYpsgr%2BnBVMFrMx5ebgdJG1laUPVIImBlQJvw343KzIW69troczGPCeiYTTPXemoaC%2F2UjMyb4dny7idySV8QsUghJdHWMs3GEL0tuVIGohMortPlHkTMVb1Lbex8s55qhpEnFY5ybyoJiJ06qySbG6NkpSr2DCzq9FZJOz%2Ba%2FfCp6c6Z85MfxClX1dlebMCBXI27cvHBVmU4XtOKzOA414PkW%2Biz9fl0pSMJcC2ILxHYpCi3i1PWTE73om22P8AM1Bs%2BkP3o649kFlTFmhP%2F6IYgU9SPMYqiHqSlWOgxljMxOFfaRHNOobQdHrgpHtVHGGwpisPmbYcrNoLALEkBWGx%2BFYy5BuTd97%2FE89nWVKeIVJoWKb33kLqeayjTsSMJoVlI94C1SODARS%2F5GL%2FU4bFYw6%2F07sREXbq1brO%2FjQfoaACmkXTcvO7XNcxL4xLGJEBMpxInJTLMLv54LAGOp4BebiFPo9c6i24YjTQWI7bByjVnNazN9GN83YYFRBSRFyYxaz%2Fa%2FiZtVvaSeF2jAdRf6FxYL2UjCZolWJq3ZXJmY7LtFwNkh%2FnsQdI8rquUmzjHzgrKHIArOUY%2B0I45ZefwxqGfyJfLIuX%2Fa898ebbdxYWpQPLijOqZaBnzUu4PVGsIOl24%2BS5vQth%2FAQb8zj8NSR9JbR1CtuzkYQby40%3D&X-Amz-Signature=e9465edac9ac0fd2837de0b5453a9ce59e5a5e00af8b84d8aaa73d4d9d6df934&X-Amz-SignedHeaders=host


at io.cucumber.core.plugin.UrlOutputStream.createCurlLikeException(UrlOutputStream.java:150)
at io.cucumber.core.plugin.UrlOutputStream.sendRequestBody(UrlOutputStream.java:116)
at io.cucumber.core.plugin.UrlOutputStream.sendRequest(UrlOutputStream.java:94)
at io.cucumber.core.plugin.UrlOutputStream.sendRequest(UrlOutputStream.java:90)
at io.cucumber.core.plugin.UrlOutputStream.close(UrlOutputStream.java:65)
at java.base/sun.nio.cs.StreamEncoder.implClose(StreamEncoder.java:439)
at java.base/sun.nio.cs.StreamEncoder.lockedClose(StreamEncoder.java:237)
at java.base/sun.nio.cs.StreamEncoder.close(StreamEncoder.java:228)
at java.base/java.io.OutputStreamWriter.close(OutputStreamWriter.java:266)
at io.cucumber.core.plugin.MessageFormatter.writeMessage(MessageFormatter.java:29)
... 31 more
Caused by: java.net.ConnectException: Connection timed out: connect
at java.base/sun.nio.ch.Net.connect0(Native Method)
at java.base/sun.nio.ch.Net.connect(Net.java:589)
at java.base/sun.nio.ch.Net.connect(Net.java:578)
at java.base/sun.nio.ch.NioSocketImpl.connect(NioSocketImpl.java:583)
at java.base/java.net.SocksSocketImpl.connect(SocksSocketImpl.java:327)
at java.base/java.net.Socket.connect(Socket.java:751)
at java.base/sun.security.ssl.SSLSocketImpl.connect(SSLSocketImpl.java:304)
at java.base/sun.security.ssl.BaseSSLSocketImpl.connect(BaseSSLSocketImpl.java:181)
at java.base/sun.net.NetworkClient.doConnect(NetworkClient.java:183)
at java.base/sun.net.www.http.HttpClient.openServer(HttpClient.java:531)
at java.base/sun.net.www.http.HttpClient.openServer(HttpClient.java:636)
at java.base/sun.net.www.protocol.https.HttpsClient.<init>(HttpsClient.java:264)
at java.base/sun.net.www.protocol.https.HttpsClient.New(HttpsClient.java:377)
at java.base/sun.net.www.protocol.https.AbstractDelegateHttpsURLConnection.getNewHttpClient(AbstractDelegateHttpsURLConnection.java:193)
at java.base/sun.net.www.protocol.http.HttpURLConnection.plainConnect0(HttpURLConnection.java:1282)
at java.base/sun.net.www.protocol.http.HttpURLConnection.plainConnect(HttpURLConnection.java:1123)
at java.base/sun.net.www.protocol.https.AbstractDelegateHttpsURLConnection.connect(AbstractDelegateHttpsURLConnection.java:179)
at java.base/sun.net.www.protocol.http.HttpURLConnection.getOutputStream0(HttpURLConnection.java:1446)
at java.base/sun.net.www.protocol.http.HttpURLConnection.getOutputStream(HttpURLConnection.java:1417)
at java.base/sun.net.www.protocol.https.HttpsURLConnectionImpl.getOutputStream(HttpsURLConnectionImpl.java:219)
at io.cucumber.core.plugin.UrlOutputStream.sendRequestBody(UrlOutputStream.java:111)
... 39 more
]]>
    </error>
  </testcase> <!-- tearDownClass -->
  <system-out/>
</testsuite> <!-- runner.ProfileRunner -->
