<?xml version="1.0" encoding="UTF-8"?>
<!-- Generated by org.testng.reporters.JUnitReportReporter -->
<testsuite hostname="MSI" failures="0" tests="1" name="uIFeatures.AmazonFailedRunner" time="52.255" errors="0" timestamp="2024-04-05T02:38:14 IST" skipped="0">
  <testcase classname="uIFeatures.AmazonFailedRunner" name="runScenario" time="52.255"/>
  <system-out/>
</testsuite> <!-- uIFeatures.AmazonFailedRunner -->
