<?xml version="1.0" encoding="UTF-8"?>
<!-- Generated by org.testng.reporters.JUnitReportReporter -->
<testsuite hostname="MSI" failures="0" tests="1" name="runner.LoginWithDataRunner" time="0.128" errors="0" timestamp="2024-05-25T02:24:13 IST" skipped="0">
  <testcase classname="runner.LoginWithDataRunner" name="runScenario" time="0.128"/>
  <system-out/>
</testsuite> <!-- runner.LoginWithDataRunner -->
