<?xml version="1.0" encoding="UTF-8"?>
<!-- Generated by org.testng.reporters.JUnitReportReporter -->
<testsuite hostname="MSI" failures="0" tests="1" name="runner.LoginWithDataRunner" time="0.169" errors="0" timestamp="2024-04-02T22:55:35 IST" skipped="0">
  <testcase classname="runner.LoginWithDataRunner" name="runScenario" time="0.169"/>
  <system-out/>
</testsuite> <!-- runner.LoginWithDataRunner -->
