<?xml version="1.0" encoding="UTF-8"?>
<!-- Generated by org.testng.reporters.JUnitReportReporter -->
<testsuite hostname="MSI" failures="0" tests="2" name="runner.LoginRunner" time="0.106" errors="0" timestamp="2024-04-24T23:45:29 IST" skipped="0">
  <testcase classname="runner.LoginRunner" name="runScenario" time="0.009"/>
  <system-out/>
  <testcase classname="runner.LoginRunner" name="runScenario" time="0.097"/>
  <system-out/>
</testsuite> <!-- runner.LoginRunner -->
