<?xml version="1.0" encoding="UTF-8"?>
<!-- Generated by org.testng.reporters.JUnitReportReporter -->
<testsuite hostname="MSI" failures="0" tests="2" name="runner.LoginRunner" time="0.082" errors="0" timestamp="2024-05-25T00:29:31 IST" skipped="0">
  <testcase classname="runner.LoginRunner" name="runScenario" time="0.008"/>
  <system-out/>
  <testcase classname="runner.LoginRunner" name="runScenario" time="0.074"/>
  <system-out/>
</testsuite> <!-- runner.LoginRunner -->
