<?xml version="1.0" encoding="UTF-8"?>
<!-- Generated by org.testng.reporters.JUnitReportReporter -->
<testsuite hostname="MSI" failures="0" tests="4" name="uIFeatures.AmazonRunnerTests" time="32.988" errors="0" timestamp="2024-04-05T13:04:13 IST" skipped="0">
  <testcase classname="uIFeatures.AmazonRunnerTests" name="runScenario" time="6.230"/>
  <system-out/>
  <testcase classname="uIFeatures.AmazonRunnerTests" name="runScenario" time="7.142"/>
  <system-out/>
  <testcase classname="uIFeatures.AmazonRunnerTests" name="runScenario" time="4.584"/>
  <system-out/>
  <testcase classname="uIFeatures.AmazonRunnerTests" name="runScenario" time="15.032"/>
  <system-out/>
</testsuite> <!-- uIFeatures.AmazonRunnerTests -->
