<?xml version="1.0" encoding="UTF-8"?>
<!-- Generated by org.testng.reporters.JUnitReportReporter -->
<testsuite hostname="MSI" failures="0" tests="4" name="uIFeatures.AmazonRunnerTests" time="35.919" errors="0" timestamp="2024-04-05T13:06:00 IST" skipped="0">
  <testcase classname="uIFeatures.AmazonRunnerTests" name="runScenario" time="6.792"/>
  <system-out/>
  <testcase classname="uIFeatures.AmazonRunnerTests" name="runScenario" time="13.969"/>
  <system-out/>
  <testcase classname="uIFeatures.AmazonRunnerTests" name="runScenario" time="8.006"/>
  <system-out/>
  <testcase classname="uIFeatures.AmazonRunnerTests" name="runScenario" time="7.152"/>
  <system-out/>
</testsuite> <!-- uIFeatures.AmazonRunnerTests -->
